
ΓöÇΓöÇΓöÇΓöÇΓöÇΓöÇΓöÇΓöÇΓöÇΓöÇΓöÇΓöÇΓöÇΓöÇΓöÇΓöÇΓöÇΓöÇΓöÇΓöÇΓöÇΓöÇΓöÇΓöÇΓöÇΓöÇΓöÇΓöÇΓöÇΓöÇΓöÇΓöÇΓöÇΓöÇΓöÇΓöÇΓöÇΓöÇΓöÇΓöÇΓöÇΓöÇΓöÇΓöÇΓöÇΓöÇΓöÇΓöÇΓöÇΓöÇ
Searching for categories named: "Home & Comfort"
  Found 1 category instance(s).

  Processing category instance in branch: "USA" (ID: 698bb54402edf732d268a10e)
    3 products found in this category instance
    [1] Match: "Kids couch for playroom bedroom, glow in the dark"
    [2] Match: "Astronaut galaxy projector for bedroom, room decor"
    [3] Match: "Glow in the dark blanket, luminous video game blankets"

  Γ£à Finished all instances of "Home & Comfort"

ΓöÇΓöÇΓöÇΓöÇΓöÇΓöÇΓöÇΓöÇΓöÇΓöÇΓöÇΓöÇΓöÇΓöÇΓöÇΓöÇΓöÇΓöÇΓöÇΓöÇΓöÇΓöÇΓöÇΓöÇΓöÇΓöÇΓöÇΓöÇΓöÇΓöÇΓöÇΓöÇΓöÇΓöÇΓöÇΓöÇΓöÇΓöÇΓöÇΓöÇΓöÇΓöÇΓöÇΓöÇΓöÇΓöÇΓöÇΓöÇΓöÇΓöÇ
Searching for categories named: "Casa & Conforto"
  Found 1 category instance(s).

  Processing category instance in branch: "Brazil" (ID: 69841a8558ab1356cd00367e)
    7 products found in this category instance
    [1] Match: "M├│veis secionais para engatinhar, escalar e brincar."
    [2] Match: "Projetor gal├íxia astronauta Infantil estrelas teto LED"
    [3] Match: "Manta infantil que brilha no escuro (estampa video game)"

    Handling 4 remaining products (alphabetic sequence)...
    [4] Rem: "Cobertor Infantil Monster Trucks com Capuz e Bolso"
    [5] Rem: "Cobertores de l├ú, felpudo aconchegante de microfibra"
    [6] Rem: "Manta estampada em games"
    [7] Rem: "Toalha infantil de algod├úo macio com capuz felpudo"

  Γ£à Finished all instances of "Casa & Conforto"

ΓöÇΓöÇΓöÇΓöÇΓöÇΓöÇΓöÇΓöÇΓöÇΓöÇΓöÇΓöÇΓöÇΓöÇΓöÇΓöÇΓöÇΓöÇΓöÇΓöÇΓöÇΓöÇΓöÇΓöÇΓöÇΓöÇΓöÇΓöÇΓöÇΓöÇΓöÇΓöÇΓöÇΓöÇΓöÇΓöÇΓöÇΓöÇΓöÇΓöÇΓöÇΓöÇΓöÇΓöÇΓöÇΓöÇΓöÇΓöÇΓöÇΓöÇ
Searching for categories named: "School Supplies"
  Found 1 category instance(s).

  Processing category instance in branch: "USA" (ID: 698bb79602edf732d268a120)
    6 products found in this category instance
    [1] Match: "3D Printing pen with display, stencil book + project guide"
    [2] Match: "Hardshell luggage scooter for kids, LED light up wheels"
    [3] Match: "46-Piece washable back to school supplies"
    [4] Match: "Shuttle art 102 PCS back to school supplies kit"
    [5] Match: "Rocketbook core reusable smart notebook"
    [6] Match: "80 Colors alcohol based double sided marker set"

  Γ£à Finished all instances of "School Supplies"

ΓöÇΓöÇΓöÇΓöÇΓöÇΓöÇΓöÇΓöÇΓöÇΓöÇΓöÇΓöÇΓöÇΓöÇΓöÇΓöÇΓöÇΓöÇΓöÇΓöÇΓöÇΓöÇΓöÇΓöÇΓöÇΓöÇΓöÇΓöÇΓöÇΓöÇΓöÇΓöÇΓöÇΓöÇΓöÇΓöÇΓöÇΓöÇΓöÇΓöÇΓöÇΓöÇΓöÇΓöÇΓöÇΓöÇΓöÇΓöÇΓöÇΓöÇ
Searching for categories named: "Papelaria & Escola"
  Found 1 category instance(s).

  Processing category instance in branch: "Brazil" (ID: 69841a8558ab1356cd00367a)
    10 products found in this category instance
    [1] Match: "Caneta Impressora 3D USB Bivolt p/desenhos criativos"
    [2] Match: "Bagagem p/crian├ºas Baotree, crian├ºa-unissex"
    [3] Match: "Kit Material Escolar (42 Itens) c/mochila e acess├│rios"
    [4] Match: "Caderno ecol├│gico inteligente reutiliz├ível Rocketbook"
    [5] Match: "Caneta marcador p/colorir (80 cores), pontas duplas"

    Handling 5 remaining products (alphabetic sequence)...
    [6] Rem: "Di├írio de Pilar em Machu Picchu (outras alternativas)"
    [7] Rem: "Disney Carros Mala com Rodinhas Lightning McQueen"
    [8] Rem: "L├ípis De Cor, Faber-Castell, Ecol├ípis Supersoft, 210724, 24 cores"
    [9] Rem: "Mala Infantil btm├│vel monster trucks"
    [10] Rem: "Tapete de rabiscos de ├ígua, tam. grande"

  Γ£à Finished all instances of "Papelaria & Escola"

ΓöÇΓöÇΓöÇΓöÇΓöÇΓöÇΓöÇΓöÇΓöÇΓöÇΓöÇΓöÇΓöÇΓöÇΓöÇΓöÇΓöÇΓöÇΓöÇΓöÇΓöÇΓöÇΓöÇΓöÇΓöÇΓöÇΓöÇΓöÇΓöÇΓöÇΓöÇΓöÇΓöÇΓöÇΓöÇΓöÇΓöÇΓöÇΓöÇΓöÇΓöÇΓöÇΓöÇΓöÇΓöÇΓöÇΓöÇΓöÇΓöÇΓöÇ
Searching for categories named: "Finance"
  Found 1 category instance(s).

  Processing category instance in branch: "USA" (ID: 698bb6c202edf732d268a119)
    6 products found in this category instance
    [1] Match: "Children's mystery board game of deduction"
    [2] Match: "Money activity set for kids for learning, Math manipulatives"
    [3] Match: "Torlam money board games for kids"
    [4] Match: "Financial literacy flash cards for teens"
    [5] Match: "Guia de finan├ºas e empreendedorismo infantil"
    [6] Match: "Como cuidar do seu dinheiro"

  Γ£à Finished all instances of "Finance"

ΓöÇΓöÇΓöÇΓöÇΓöÇΓöÇΓöÇΓöÇΓöÇΓöÇΓöÇΓöÇΓöÇΓöÇΓöÇΓöÇΓöÇΓöÇΓöÇΓöÇΓöÇΓöÇΓöÇΓöÇΓöÇΓöÇΓöÇΓöÇΓöÇΓöÇΓöÇΓöÇΓöÇΓöÇΓöÇΓöÇΓöÇΓöÇΓöÇΓöÇΓöÇΓöÇΓöÇΓöÇΓöÇΓöÇΓöÇΓöÇΓöÇΓöÇ
Searching for categories named: "Financeiro & Passatempo"
  Found 1 category instance(s).

  Processing category instance in branch: "Brazil" (ID: 69841a8458ab1356cd003679)
    7 products found in this category instance
    [1] Match: "Jogos Educativos: Administrando o seu dinheiro + Jogo suspeito"
    [2] Match: "Administrando o seu dinheiro:  pedag├│gico educativo"
    [3] Match: "Livro: Como cuidar do seu dinheiro"

    Handling 4 remaining products (alphabetic sequence)...
    [4] Rem: "Livro infantil: Como educar seus filhos p/se tornarem ricos"
    [5] Rem: "Livro: Limocraft - Inspirado no jogo da d├⌐cada"
    [6] Rem: "Os Sonhos de Pedro. O pequeno empreendedor"
    [7] Rem: "Se Vira, Moleque!: Prepare seu filho para o futuro"

  Γ£à Finished all instances of "Financeiro & Passatempo"

ΓöÇΓöÇΓöÇΓöÇΓöÇΓöÇΓöÇΓöÇΓöÇΓöÇΓöÇΓöÇΓöÇΓöÇΓöÇΓöÇΓöÇΓöÇΓöÇΓöÇΓöÇΓöÇΓöÇΓöÇΓöÇΓöÇΓöÇΓöÇΓöÇΓöÇΓöÇΓöÇΓöÇΓöÇΓöÇΓöÇΓöÇΓöÇΓöÇΓöÇΓöÇΓöÇΓöÇΓöÇΓöÇΓöÇΓöÇΓöÇΓöÇΓöÇ
Searching for categories named: "Sports & Leisure"
  Found 1 category instance(s).

  Processing category instance in branch: "USA" (ID: 698bb5bd02edf732d268a112)
    6 products found in this category instance
    [1] Match: "Truck with back trailer, electric car w/ parent remote control"
    [2] Match: "Self-balancing toddler kick scooter, with light-up wheels"
    [3] Match: "Maxshot electric scooter, dual braking, dual suspension"
    [4] Match: "Arcade Basketball game set with 4 balls"
    [5] Match: "Silent basketball dribbling indoor"
    [6] Match: "Kids bike helmet set adjustable, multi-sport"

  Γ£à Finished all instances of "Sports & Leisure"

ΓöÇΓöÇΓöÇΓöÇΓöÇΓöÇΓöÇΓöÇΓöÇΓöÇΓöÇΓöÇΓöÇΓöÇΓöÇΓöÇΓöÇΓöÇΓöÇΓöÇΓöÇΓöÇΓöÇΓöÇΓöÇΓöÇΓöÇΓöÇΓöÇΓöÇΓöÇΓöÇΓöÇΓöÇΓöÇΓöÇΓöÇΓöÇΓöÇΓöÇΓöÇΓöÇΓöÇΓöÇΓöÇΓöÇΓöÇΓöÇΓöÇΓöÇ
Searching for categories named: "Esporte & Lazer"
  Found 2 category instance(s).

  Processing category instance in branch: "Brazil" (ID: 69841a8558ab1356cd00367c)
    6 products found in this category instance
    [1] Match: "Carro el├⌐trico infantil Eclipse com controle remoto"
    [2] Match: "Patinete p/adolescentes de 8 a 18 anos, dobr├ível"
    [3] Match: "Cesta de basquete infantil ajust├ível com bola bomba rede"
    [4] Match: "Zippy Toys Kit de Prote├º├úo Vermelho - 7 Pe├ºas"

    Handling 2 remaining products (alphabetic sequence)...
    [5] Rem: "2 Em1 Patins infantil ajust├ível, 4 rodas"
    [6] Rem: "Conjunto esportivo de prote├º├úo individual (7 pcs)"

  Processing category instance in branch: "Main Store" (ID: 698bc562c46603da4704e161)
    1 products found in this category instance
    [1] Match: "Bola de basquete silenciosa, resistente a impactos"

  Γ£à Finished all instances of "Esporte & Lazer"

ΓöÇΓöÇΓöÇΓöÇΓöÇΓöÇΓöÇΓöÇΓöÇΓöÇΓöÇΓöÇΓöÇΓöÇΓöÇΓöÇΓöÇΓöÇΓöÇΓöÇΓöÇΓöÇΓöÇΓöÇΓöÇΓöÇΓöÇΓöÇΓöÇΓöÇΓöÇΓöÇΓöÇΓöÇΓöÇΓöÇΓöÇΓöÇΓöÇΓöÇΓöÇΓöÇΓöÇΓöÇΓöÇΓöÇΓöÇΓöÇΓöÇΓöÇ
Searching for categories named: "Stem Toys"
  Found 1 category instance(s).

  Processing category instance in branch: "USA" (ID: 698bb44202edf732d268a107)
    6 products found in this category instance
    [1] Match: "Handheld game for kids -preloaded 220 retro video games"
    [2] Match: "Science experiment kit w/Lab coat scientist"
    [3] Match: "Kids Musical Instruments, 33Pcs. 18 types wooden instruments"
    [4] Match: "Fun Memory game for kids & families."
    [5] Match: "2 in 1 Water Doodle extra large"
    [6] Match: "Dimple building blocks for toddler (300 Pcs)"

  Γ£à Finished all instances of "Stem Toys"

ΓöÇΓöÇΓöÇΓöÇΓöÇΓöÇΓöÇΓöÇΓöÇΓöÇΓöÇΓöÇΓöÇΓöÇΓöÇΓöÇΓöÇΓöÇΓöÇΓöÇΓöÇΓöÇΓöÇΓöÇΓöÇΓöÇΓöÇΓöÇΓöÇΓöÇΓöÇΓöÇΓöÇΓöÇΓöÇΓöÇΓöÇΓöÇΓöÇΓöÇΓöÇΓöÇΓöÇΓöÇΓöÇΓöÇΓöÇΓöÇΓöÇΓöÇ
Searching for categories named: "Brinquedos STEM"
  Found 1 category instance(s).

  Processing category instance in branch: "Brazil" (ID: 69841a8558ab1356cd00367b)
    7 products found in this category instance
    [1] Match: "Console port├ítil de videogame (8GB, 1000 jogos)"
    [2] Match: "Laborat├│rio manual do mundo (85 experi├¬ncias)"
    [3] Match: "Instrumentos musicais em madeira (22 pe├ºas)"
    [4] Match: "Jogo educacional terap├¬utico para ativar memoria"
    [5] Match: "Coordena├º├úo motora, criatividade e divers├úo (220 pe├ºas)"

    Handling 2 remaining products (alphabetic sequence)...
    [6] Rem: "Caneta 3D Profissional Infantil com Display LED e Filamentos"
    [7] Rem: "Jogo educativo: Descubra quem sou eu? (59 pe├ºas)"

  Γ£à Finished all instances of "Brinquedos STEM"

ΓöÇΓöÇΓöÇΓöÇΓöÇΓöÇΓöÇΓöÇΓöÇΓöÇΓöÇΓöÇΓöÇΓöÇΓöÇΓöÇΓöÇΓöÇΓöÇΓöÇΓöÇΓöÇΓöÇΓöÇΓöÇΓöÇΓöÇΓöÇΓöÇΓöÇΓöÇΓöÇΓöÇΓöÇΓöÇΓöÇΓöÇΓöÇΓöÇΓöÇΓöÇΓöÇΓöÇΓöÇΓöÇΓöÇΓöÇΓöÇΓöÇΓöÇ
Searching for categories named: "Technology"
  Found 1 category instance(s).

  Processing category instance in branch: "USA" (ID: 698bb88502edf732d268a127)
    6 products found in this category instance
    [1] Match: "HeroMask VR headset ∩╝ï Math games"
    [2] Match: "PlayStation 5 console 1TB - Fortnite Flowering Chaos Bundle"
    [3] Match: "Nintendo switch OLED model w/ white Joy-Con"
    [4] Match: "Drawing robot for kids 150 educational cards"
    [5] Match: "Kids watch, boys watch, waterproof"
    [6] Match: "Redragon H510 PRO 3-Mode RGB gaming headset"

  Γ£à Finished all instances of "Technology"

ΓöÇΓöÇΓöÇΓöÇΓöÇΓöÇΓöÇΓöÇΓöÇΓöÇΓöÇΓöÇΓöÇΓöÇΓöÇΓöÇΓöÇΓöÇΓöÇΓöÇΓöÇΓöÇΓöÇΓöÇΓöÇΓöÇΓöÇΓöÇΓöÇΓöÇΓöÇΓöÇΓöÇΓöÇΓöÇΓöÇΓöÇΓöÇΓöÇΓöÇΓöÇΓöÇΓöÇΓöÇΓöÇΓöÇΓöÇΓöÇΓöÇΓöÇ
Searching for categories named: "Tecnologia"
  Found 1 category instance(s).

  Processing category instance in branch: "Brazil" (ID: 69841a8558ab1356cd00367d)
    7 products found in this category instance
    [1] Match: "├ôculos realidade virtual 3D Android controle"
    [2] Match: "5 Disc Edition console (1TB) - Flowering Chaos Bundle"
    [3] Match: "Nintendo, Console, Nintendo switch OLED, port├ítil"
    [4] Match: "Rob├┤ de desenho inteligente, com 100 cart├╡es interativos"
    [5] Match: "Rel├│gio digital infantil, ├á prova d'├ígua, c/alarme"
    [6] Match: "Headset Gamer Redragon Zeus Pro s/fio"

    Handling 1 remaining products (alphabetic sequence)...
    [7] Rem: "Nanoage Headset Bluetooth Headphone 75 Horas"

  Γ£à Finished all instances of "Tecnologia"

ΓöÇΓöÇΓöÇΓöÇΓöÇΓöÇΓöÇΓöÇΓöÇΓöÇΓöÇΓöÇΓöÇΓöÇΓöÇΓöÇΓöÇΓöÇΓöÇΓöÇΓöÇΓöÇΓöÇΓöÇΓöÇΓöÇΓöÇΓöÇΓöÇΓöÇΓöÇΓöÇΓöÇΓöÇΓöÇΓöÇΓöÇΓöÇΓöÇΓöÇΓöÇΓöÇΓöÇΓöÇΓöÇΓöÇΓöÇΓöÇΓöÇΓöÇ
All done!
